@!@!@STARTMSG 2262:0 @!@!@
TLC2 Version 2.16 of 31 December 2020 (rev: cdddf55)
@!@!@ENDMSG 2262 @!@!@
@!@!@STARTMSG 2187:0 @!@!@
Running breadth-first search Model-Checking with fp 19 and seed 3874229794993030511 with 1 worker on 12 cores with 7282MB heap and 64MB offheap memory [pid: 13983] (Mac OS X 10.16 x86_64, Oracle Corporation 12 x86_64, MSBDiskFPSet, DiskStateQueue).
@!@!@ENDMSG 2187 @!@!@
@!@!@STARTMSG 2220:0 @!@!@
Starting SANY...
@!@!@ENDMSG 2220 @!@!@
Parsing file /Users/jose/Repos/smr/summerset/tla+/paxos/Paxos_MC.tla
Parsing file /Users/jose/Repos/smr/summerset/tla+/paxos/Paxos.tla
Parsing file /private/var/folders/j0/7wljkytx5d7gzv1ndmcwpf_40000gn/T/Integers.tla
Parsing file /private/var/folders/j0/7wljkytx5d7gzv1ndmcwpf_40000gn/T/TLC.tla
Parsing file /private/var/folders/j0/7wljkytx5d7gzv1ndmcwpf_40000gn/T/Naturals.tla
Parsing file /private/var/folders/j0/7wljkytx5d7gzv1ndmcwpf_40000gn/T/Sequences.tla
Parsing file /private/var/folders/j0/7wljkytx5d7gzv1ndmcwpf_40000gn/T/FiniteSets.tla
Semantic processing of module Naturals
Semantic processing of module Integers
Semantic processing of module Sequences
Semantic processing of module FiniteSets
Semantic processing of module TLC
Semantic processing of module Paxos
Semantic processing of module Paxos_MC
@!@!@STARTMSG 2219:0 @!@!@
SANY finished.
@!@!@ENDMSG 2219 @!@!@
@!@!@STARTMSG 2185:0 @!@!@
Starting... (2023-07-05 20:20:47)
@!@!@ENDMSG 2185 @!@!@
@!@!@STARTMSG 2229:1 @!@!@
The name Spec specified in the configuration file
is not defined in the specification.
@!@!@ENDMSG 2229 @!@!@
@!@!@STARTMSG 2186:0 @!@!@
Finished in 419ms at (2023-07-05 20:20:47)
@!@!@ENDMSG 2186 @!@!@
